app/build/outputs/logs/manifest-merger-debug-report.txt
-- Merging decision tree log ---
manifest
ADDED from src\main\AndroidManifest.xml:2:1-104:12
	package
		ADDED from src\main\AndroidManifest.xml:3:5-39
		INJECTED from src\main\AndroidManifest.xml
		INJECTED from src\main\AndroidManifest.xml
	android:versionName
		INJECTED from src\main\AndroidManifest.xml
		INJECTED from src\main\AndroidManifest.xml
	xmlns:android
		ADDED from src\main\AndroidManifest.xml:2:11-69
	android:versionCode
		INJECTED from src\main\AndroidManifest.xml
		INJECTED from src\main\AndroidManifest.xml
uses-permission#android.permission.INTERNET
ADDED from src\main\AndroidManifest.xml:5:5-67
	android:name
		ADDED from src\main\AndroidManifest.xml:5:22-64
uses-permission#android.permission.ACCESS_NETWORK_STATE
ADDED from src\main\AndroidManifest.xml:6:5-79
	android:name
		ADDED from src\main\AndroidManifest.xml:6:22-76
uses-permission#android.permission.ACCESS_WIFI_STATE
ADDED from src\main\AndroidManifest.xml:7:5-76
	android:name
		ADDED from src\main\AndroidManifest.xml:7:22-73
uses-permission#android.permission.ACCESS_FINE_LOCATION
ADDED from src\main\AndroidManifest.xml:8:5-79
	android:name
		ADDED from src\main\AndroidManifest.xml:8:22-76
uses-permission#android.permission.ACCESS_COARSE_LOCATION
ADDED from src\main\AndroidManifest.xml:9:5-81
	android:name
		ADDED from src\main\AndroidManifest.xml:9:22-78
uses-permission#android.permission.ACCESS_LOCATION_EXTRA_COMMANDS
ADDED from src\main\AndroidManifest.xml:10:5-89
	android:name
		ADDED from src\main\AndroidManifest.xml:10:22-86
uses-permission#android.permission.WRITE_EXTERNAL_STORAGE
ADDED from src\main\AndroidManifest.xml:11:5-81
	android:name
		ADDED from src\main\AndroidManifest.xml:11:22-78
uses-permission-sdk-23
ADDED from src\main\AndroidManifest.xml:13:5-74
	android:name
		ADDED from src\main\AndroidManifest.xml:13:29-71
application
ADDED from src\main\AndroidManifest.xml:21:5-102:19
MERGED from [com.android.support:design:24.2.1] AndroidManifest.xml:22:5-20
MERGED from [com.android.support.constraint:constraint-layout:1.0.0-alpha8] AndroidManifest.xml:9:5-20
MERGED from [com.android.support:cardview-v7:24.2.1] AndroidManifest.xml:22:5-20
MERGED from [pub.devrel:easypermissions:0.4.0] AndroidManifest.xml:11:5-17:19
MERGED from [com.android.support:appcompat-v7:25.3.1] AndroidManifest.xml:29:5-20
MERGED from [com.android.support:support-v4:25.3.1] AndroidManifest.xml:29:5-20
MERGED from [com.android.support:support-fragment:25.3.1] AndroidManifest.xml:29:5-20
MERGED from [com.android.support:support-media-compat:25.3.1] AndroidManifest.xml:29:5-20
MERGED from [com.android.support:support-core-ui:25.3.1] AndroidManifest.xml:29:5-20
MERGED from [com.android.support:support-core-utils:25.3.1] AndroidManifest.xml:29:5-20
MERGED from [com.android.support:animated-vector-drawable:25.3.1] AndroidManifest.xml:26:5-20
MERGED from [com.android.support:support-vector-drawable:25.3.1] AndroidManifest.xml:26:5-20
MERGED from [com.android.support:support-compat:25.3.1] AndroidManifest.xml:29:5-20
	android:label
		ADDED from src\main\AndroidManifest.xml:24:9-41
	android:supportsRtl
		ADDED from src\main\AndroidManifest.xml:25:9-35
	android:allowBackup
		ADDED from src\main\AndroidManifest.xml:22:9-35
	android:icon
		ADDED from src\main\AndroidManifest.xml:23:9-43
	android:theme
		ADDED from src\main\AndroidManifest.xml:26:9-40
activity#mx.com.sybrem.appbiochem.MainActivity
ADDED from src\main\AndroidManifest.xml:27:9-33:20
	android:name
		ADDED from src\main\AndroidManifest.xml:27:19-47
intent-filter#android.intent.action.MAIN+android.intent.category.LAUNCHER
ADDED from src\main\AndroidManifest.xml:28:13-32:29
action#android.intent.action.MAIN
ADDED from src\main\AndroidManifest.xml:29:17-69
	android:name
		ADDED from src\main\AndroidManifest.xml:29:25-66
category#android.intent.category.LAUNCHER
ADDED from src\main\AndroidManifest.xml:31:17-77
	android:name
		ADDED from src\main\AndroidManifest.xml:31:27-74
activity#mx.com.sybrem.appbiochem.CapturaPedidos
ADDED from src\main\AndroidManifest.xml:34:9-52
	android:name
		ADDED from src\main\AndroidManifest.xml:34:19-49
activity#mx.com.sybrem.appbiochem.CapturaPedidos2
ADDED from src\main\AndroidManifest.xml:35:9-53
	android:name
		ADDED from src\main\AndroidManifest.xml:35:19-50
activity#mx.com.sybrem.appbiochem.CapturaPedidosGuardar
ADDED from src\main\AndroidManifest.xml:36:9-59
	android:name
		ADDED from src\main\AndroidManifest.xml:36:19-56
activity#mx.com.sybrem.appbiochem.CapturaPedidoExtendido
ADDED from src\main\AndroidManifest.xml:37:9-60
	android:name
		ADDED from src\main\AndroidManifest.xml:37:19-57
activity#mx.com.sybrem.appbiochem.CapturaBonificacion
ADDED from src\main\AndroidManifest.xml:38:9-57
	android:name
		ADDED from src\main\AndroidManifest.xml:38:19-54
activity#mx.com.sybrem.appbiochem.Login
ADDED from src\main\AndroidManifest.xml:39:9-43
	android:name
		ADDED from src\main\AndroidManifest.xml:39:19-40
activity#mx.com.sybrem.appbiochem.EligeRuta
ADDED from src\main\AndroidManifest.xml:40:9-47
	android:name
		ADDED from src\main\AndroidManifest.xml:40:19-44
activity#mx.com.sybrem.appbiochem.CapturaVisita
ADDED from src\main\AndroidManifest.xml:41:9-51
	android:name
		ADDED from src\main\AndroidManifest.xml:41:19-48
activity#mx.com.sybrem.appbiochem.Marketing
ADDED from src\main\AndroidManifest.xml:42:9-47
	android:name
		ADDED from src\main\AndroidManifest.xml:42:19-44
activity#mx.com.sybrem.appbiochem.NavDrawerActivity
ADDED from src\main\AndroidManifest.xml:43:9-46:59
	android:label
		ADDED from src\main\AndroidManifest.xml:45:13-45
	android:theme
		ADDED from src\main\AndroidManifest.xml:46:13-56
	android:name
		ADDED from src\main\AndroidManifest.xml:44:13-46
activity#mx.com.sybrem.appbiochem.CapturaPagos
ADDED from src\main\AndroidManifest.xml:47:9-49:48
	android:label
		ADDED from src\main\AndroidManifest.xml:49:13-45
	android:name
		ADDED from src\main\AndroidManifest.xml:48:13-41
activity#mx.com.sybrem.appbiochem.InventarioMano
ADDED from src\main\AndroidManifest.xml:50:9-52
	android:name
		ADDED from src\main\AndroidManifest.xml:50:19-49
activity#mx.com.sybrem.appbiochem.ListaProductos
ADDED from src\main\AndroidManifest.xml:52:9-55:59
	android:label
		ADDED from src\main\AndroidManifest.xml:54:13-67
	android:theme
		ADDED from src\main\AndroidManifest.xml:55:13-56
	android:name
		ADDED from src\main\AndroidManifest.xml:53:13-43
activity#mx.com.sybrem.appbiochem.Lista_Clientes
ADDED from src\main\AndroidManifest.xml:56:9-59:59
	android:label
		ADDED from src\main\AndroidManifest.xml:58:13-67
	android:theme
		ADDED from src\main\AndroidManifest.xml:59:13-56
	android:name
		ADDED from src\main\AndroidManifest.xml:57:13-43
activity#mx.com.sybrem.appbiochem.ListaOfertas
ADDED from src\main\AndroidManifest.xml:60:9-63:59
	android:label
		ADDED from src\main\AndroidManifest.xml:62:13-65
	android:theme
		ADDED from src\main\AndroidManifest.xml:63:13-56
	android:name
		ADDED from src\main\AndroidManifest.xml:61:13-41
activity#mx.com.sybrem.appbiochem.RutaSemana
ADDED from src\main\AndroidManifest.xml:64:9-67:59
	android:label
		ADDED from src\main\AndroidManifest.xml:66:13-63
	android:theme
		ADDED from src\main\AndroidManifest.xml:67:13-56
	android:name
		ADDED from src\main\AndroidManifest.xml:65:13-39
activity#mx.com.sybrem.appbiochem.SeguimientoDePagos
ADDED from src\main\AndroidManifest.xml:68:9-71:59
	android:label
		ADDED from src\main\AndroidManifest.xml:70:13-72
	android:theme
		ADDED from src\main\AndroidManifest.xml:71:13-56
	android:name
		ADDED from src\main\AndroidManifest.xml:69:13-47
activity#mx.com.sybrem.appbiochem.SeguimientoDePedidos
ADDED from src\main\AndroidManifest.xml:72:9-75:59
	android:label
		ADDED from src\main\AndroidManifest.xml:74:13-74
	android:theme
		ADDED from src\main\AndroidManifest.xml:75:13-56
	android:name
		ADDED from src\main\AndroidManifest.xml:73:13-49
activity#mx.com.sybrem.appbiochem.Capturas_
ADDED from src\main\AndroidManifest.xml:76:9-79:59
	android:label
		ADDED from src\main\AndroidManifest.xml:78:13-61
	android:theme
		ADDED from src\main\AndroidManifest.xml:79:13-56
	android:name
		ADDED from src\main\AndroidManifest.xml:77:13-38
activity#mx.com.sybrem.appbiochem.AltaCliente
ADDED from src\main\AndroidManifest.xml:80:9-49
	android:name
		ADDED from src\main\AndroidManifest.xml:80:19-46
activity#mx.com.sybrem.appbiochem.Comprobacion
ADDED from src\main\AndroidManifest.xml:81:9-50
	android:name
		ADDED from src\main\AndroidManifest.xml:81:19-47
activity#mx.com.sybrem.appbiochem.Politicas
ADDED from src\main\AndroidManifest.xml:82:9-85:59
	android:label
		ADDED from src\main\AndroidManifest.xml:84:13-61
	android:theme
		ADDED from src\main\AndroidManifest.xml:85:13-56
	android:name
		ADDED from src\main\AndroidManifest.xml:83:13-38
activity#mx.com.sybrem.appbiochem.ComprobacionPartidas
ADDED from src\main\AndroidManifest.xml:86:9-58
	android:name
		ADDED from src\main\AndroidManifest.xml:86:19-55
activity#mx.com.sybrem.appbiochem.Politics
ADDED from src\main\AndroidManifest.xml:87:9-46
	android:name
		ADDED from src\main\AndroidManifest.xml:87:19-43
activity#mx.com.sybrem.appbiochem.ExamenPrueba
ADDED from src\main\AndroidManifest.xml:88:9-50
	android:name
		ADDED from src\main\AndroidManifest.xml:88:19-47
activity#mx.com.sybrem.appbiochem.Novedades
ADDED from src\main\AndroidManifest.xml:89:9-92:59
	android:label
		ADDED from src\main\AndroidManifest.xml:91:13-61
	android:theme
		ADDED from src\main\AndroidManifest.xml:92:13-56
	android:name
		ADDED from src\main\AndroidManifest.xml:90:13-38
activity#mx.com.sybrem.appbiochem.MenuComprobaciones
ADDED from src\main\AndroidManifest.xml:93:9-96:59
	android:label
		ADDED from src\main\AndroidManifest.xml:95:13-71
	android:theme
		ADDED from src\main\AndroidManifest.xml:96:13-56
	android:name
		ADDED from src\main\AndroidManifest.xml:94:13-47
activity#mx.com.sybrem.appbiochem.ComprobacionHonorarios
ADDED from src\main\AndroidManifest.xml:97:9-60
	android:name
		ADDED from src\main\AndroidManifest.xml:97:19-57
activity#mx.com.sybrem.appbiochem.ComprobacionHonorariosPartidas
ADDED from src\main\AndroidManifest.xml:98:9-101:68
	android:label
		ADDED from src\main\AndroidManifest.xml:100:13-84
	android:theme
		ADDED from src\main\AndroidManifest.xml:101:13-56
	android:name
		ADDED from src\main\AndroidManifest.xml:99:13-59
uses-sdk
INJECTED from src\main\AndroidManifest.xml reason: use-sdk injection requested
MERGED from [com.android.support:design:24.2.1] AndroidManifest.xml:20:5-43
MERGED from [com.android.support.constraint:constraint-layout:1.0.0-alpha8] AndroidManifest.xml:5:5-7:41
MERGED from [com.android.support:recyclerview-v7:24.2.1] AndroidManifest.xml:20:5-43
MERGED from [com.android.support:cardview-v7:24.2.1] AndroidManifest.xml:20:5-43
MERGED from [pub.devrel:easypermissions:0.4.0] AndroidManifest.xml:7:5-9:41
MERGED from [com.android.support:appcompat-v7:25.3.1] AndroidManifest.xml:21:5-23:78
MERGED from [com.android.support:support-v4:25.3.1] AndroidManifest.xml:21:5-23:54
MERGED from [com.android.support:support-fragment:25.3.1] AndroidManifest.xml:21:5-23:60
MERGED from [com.android.support:support-media-compat:25.3.1] AndroidManifest.xml:21:5-23:63
MERGED from [com.android.support:support-core-ui:25.3.1] AndroidManifest.xml:21:5-23:58
MERGED from [com.android.support:support-core-utils:25.3.1] AndroidManifest.xml:21:5-23:61
MERGED from [com.android.support:animated-vector-drawable:25.3.1] AndroidManifest.xml:20:5-44
MERGED from [com.android.support:support-vector-drawable:25.3.1] AndroidManifest.xml:20:5-43
MERGED from [com.android.support:support-compat:25.3.1] AndroidManifest.xml:21:5-23:58
	tools:overrideLibrary
		ADDED from [com.android.support:appcompat-v7:25.3.1] AndroidManifest.xml:23:9-75
	android:targetSdkVersion
		INJECTED from src\main\AndroidManifest.xml
		INJECTED from src\main\AndroidManifest.xml
	android:minSdkVersion
		INJECTED from src\main\AndroidManifest.xml
		INJECTED from src\main\AndroidManifest.xml
activity#pub.devrel.easypermissions.AppSettingsDialogHolderActivity
ADDED from [pub.devrel:easypermissions:0.4.0] AndroidManifest.xml:12:9-16:66
	android:label
		ADDED from [pub.devrel:easypermissions:0.4.0] AndroidManifest.xml:15:13-29
	android:exported
		ADDED from [pub.devrel:easypermissions:0.4.0] AndroidManifest.xml:14:13-37
	android:theme
		ADDED from [pub.devrel:easypermissions:0.4.0] AndroidManifest.xml:16:13-63
	android:name
		ADDED from [pub.devrel:easypermissions:0.4.0] AndroidManifest.xml:13:13-86
meta-data#android.support.VERSION
ADDED from [com.android.support:appcompat-v7:25.3.1] AndroidManifest.xml:25:5-27:34
MERGED from [com.android.support:support-v4:25.3.1] AndroidManifest.xml:25:5-27:34
MERGED from [com.android.support:support-fragment:25.3.1] AndroidManifest.xml:25:5-27:34
MERGED from [com.android.support:support-media-compat:25.3.1] AndroidManifest.xml:25:5-27:34
MERGED from [com.android.support:support-core-ui:25.3.1] AndroidManifest.xml:25:5-27:34
MERGED from [com.android.support:support-core-utils:25.3.1] AndroidManifest.xml:25:5-27:34
MERGED from [com.android.support:animated-vector-drawable:25.3.1] AndroidManifest.xml:22:5-24:34
MERGED from [com.android.support:support-vector-drawable:25.3.1] AndroidManifest.xml:22:5-24:34
MERGED from [com.android.support:support-compat:25.3.1] AndroidManifest.xml:25:5-27:34
	android:value
		ADDED from [com.android.support:appcompat-v7:25.3.1] AndroidManifest.xml:27:9-31
	android:name
		ADDED from [com.android.support:appcompat-v7:25.3.1] AndroidManifest.xml:26:9-47